Formatted lib/app_config.dart
Formatted lib/auth/app_state.dart
Formatted lib/auth/auth_service.dart
Formatted lib/dashboards/role_dashboard.dart
Formatted lib/domain/models.dart
Formatted lib/main.dart
Formatted lib/modules/attendance/attendance_models.dart
Formatted lib/modules/attendance/attendance_service.dart
Formatted lib/modules/checkin/checkin_models.dart
Formatted lib/modules/checkin/checkin_service.dart
Formatted lib/modules/educator/educator_integrations_page.dart
Formatted lib/modules/educator/educator_learners_page.dart
Formatted lib/modules/educator/educator_mission_plans_page.dart
Formatted lib/modules/educator/educator_models.dart
Formatted lib/modules/educator/educator_service.dart
Formatted lib/modules/educator/educator_today_page.dart
Formatted lib/modules/habits/habit_models.dart
Formatted lib/modules/habits/habit_service.dart
Formatted lib/modules/hq_admin/hq_audit_page.dart
Formatted lib/modules/hq_admin/hq_billing_page.dart
Formatted lib/modules/hq_admin/hq_feature_flags_page.dart
Formatted lib/modules/hq_admin/hq_integrations_health_page.dart
Formatted lib/modules/hq_admin/hq_role_switcher_page.dart
Formatted lib/modules/hq_admin/hq_safety_page.dart
Formatted lib/modules/hq_admin/hq_sites_page.dart
Formatted lib/modules/hq_admin/user_admin_page.dart
Formatted lib/modules/hq_admin/user_admin_service.dart
Formatted lib/modules/hq_admin/user_models.dart
Formatted lib/modules/learner/learner_portfolio_page.dart
Formatted lib/modules/learner/learner_today_page.dart
Formatted lib/modules/messages/message_models.dart
Formatted lib/modules/messages/messages_page.dart
Formatted lib/modules/missions/mission_models.dart
Formatted lib/modules/parent/parent_billing_page.dart
Formatted lib/modules/parent/parent_models.dart
Formatted lib/modules/parent/parent_portfolio_page.dart
Formatted lib/modules/parent/parent_schedule_page.dart
Formatted lib/modules/parent/parent_service.dart
Formatted lib/modules/parent/parent_summary_page.dart
Formatted lib/modules/partner/partner_contracts_page.dart
Formatted lib/modules/partner/partner_listings_page.dart
Formatted lib/modules/partner/partner_payouts_page.dart
Formatted lib/modules/partner/partner_service.dart
Formatted lib/modules/profile/profile_page.dart
Formatted lib/modules/provisioning/provisioning_models.dart
Formatted lib/modules/provisioning/provisioning_page.dart
Formatted lib/modules/provisioning/provisioning_service.dart
Formatted lib/modules/settings/settings_page.dart
Formatted lib/modules/site/site_billing_page.dart
Formatted lib/modules/site/site_identity_page.dart
Formatted lib/modules/site/site_incidents_page.dart
Formatted lib/modules/site/site_integrations_health_page.dart
Formatted lib/modules/site/site_ops_page.dart
Formatted lib/offline/offline_queue.dart
Formatted lib/offline/sync_coordinator.dart
Formatted lib/offline/sync_status_widget.dart
Formatted lib/router/app_router.dart
Formatted lib/router/role_gate.dart
Formatted lib/runtime/ai_coach_widget.dart
Formatted lib/runtime/bos_models.dart
Formatted lib/runtime/bos_service.dart
Formatted lib/runtime/mvl_gate_widget.dart
Formatted lib/services/api_client.dart
Formatted lib/services/billing_service.dart
Formatted lib/services/firestore_service.dart
Formatted lib/services/notification_service.dart
Formatted lib/services/session_bootstrap.dart
Formatted lib/services/storage_service.dart
Formatted lib/services/user_profile_exceptions.dart
Formatted lib/theme.dart
Formatted lib/ui/auth/login_page.dart
Formatted lib/ui/common/empty_state.dart
Formatted lib/ui/common/error_state.dart
Formatted lib/ui/common/loading.dart
Formatted lib/ui/error/fatal_error_screen.dart
Formatted lib/ui/localization/app_strings.dart
Formatted lib/ui/splash/splash_screen.dart
Formatted lib/ui/theme/scholesa_theme.dart
Formatted lib/ui/widgets/cards.dart
Formatted lib/ui/widgets/learner_widgets.dart
Formatted test/ai_coach_regression_test.dart
Formatted test/app_state_test.dart
Formatted test/bos_models_test.dart
Formatted test/deploy_ops_regression_test.dart
Formatted test/router_redirect_test.dart
Formatted test/services/user_profile_api_service_test.dart
Formatted test/sync_coordinator_test.dart
Formatted test/ui_golden_test.dart
Formatted 135 files (88 changed) in 0.64 seconds.
