Running Gradle task 'assembleRelease'...                        
Font asset "CupertinoIcons.ttf" was tree-shaken, reducing it from 257628 to 848 bytes (99.7% reduction). Tree-shaking can be disabled by providing the --no-tree-shake-icons flag when building your app.
Font asset "MaterialIcons-Regular.otf" was tree-shaken, reducing it from 1645184 to 35416 bytes (97.8% reduction). Tree-shaking can be disabled by providing the --no-tree-shake-icons flag when building your app.
Note: Some input files use or override a deprecated API.
Note: Recompile with -Xlint:deprecation for details.

FAILURE: Build failed with an exception.

* What went wrong:
Execution failed for task ':app:processReleaseResources'.
> A failure occurred while executing com.android.build.gradle.internal.res.LinkApplicationAndroidResourcesTask$TaskAction
   > Android resource linking failed
     com.scholesa.app-mergeReleaseResources-45:/values-v31/values-v31.xml:7: error: style attribute 'android:attr/postSplashScreenTheme' not found.
     com.scholesa.app-mergeReleaseResources-45:/values-night-v31/values-night-v31.xml:7: error: style attribute 'android:attr/postSplashScreenTheme' not found.
     error: failed linking references.


* Try:
> Run with --stacktrace option to get the stack trace.
> Run with --info or --debug option to get more log output.
> Run with --scan to get full insights.
> Get more help at https://help.gradle.org.

BUILD FAILED in 3m 31s
Running Gradle task 'assembleRelease'...                          213.2s
Gradle task assembleRelease failed with exit code 1
