
> scholesa@0.1.0 build
> next build

  ▲ Next.js 14.2.35
  - Environments: .env.production

   Creating an optimized production build ...
> [PWA] Compile server
> [PWA] Compile server
> [PWA] Compile client (static)
> [PWA] Auto register service worker is disabled, please call following code in componentDidMount callback or useEffect hook
> [PWA]   window.workbox.register()
> [PWA] Service worker: /Users/simonluke/Library/CloudStorage/OneDrive-Personal/Desktop/My codes/scholesa-edu-2/public/sw.js
> [PWA]   url: /sw.js
> [PWA]   scope: /
 ✓ Compiled successfully
   Linting and checking validity of types ...
 ⨯ ESLint: Invalid Options: - Unknown options: useEslintrc, extensions - 'extensions' has been removed.
Failed to compile.

./src/components/motivation/index.ts:14:3
Type error: Module '"@/src/lib/motivation/motivationEngine"' has no exported member 'motivationEngine'.

[0m [90m 12 |[39m [90m// Re-export service and utilities[39m[0m
[0m [90m 13 |[39m [36mexport[39m {[0m
[0m[31m[1m>[22m[39m[90m 14 |[39m   motivationEngine[33m,[39m[0m
[0m [90m    |[39m   [31m[1m^[22m[39m[0m
[0m [90m 15 |[39m   [33mMotivationEngineService[39m[33m,[39m[0m
[0m [90m 16 |[39m   [33mMOTIVATION_LABELS[39m[33m,[39m[0m
[0m [90m 17 |[39m   [33mMOTIVATION_EMOJI[39m[33m,[39m[0m
Next.js build worker exited with code: 1 and signal: null

> scholesa@0.1.0 build
> next build

  ▲ Next.js 14.2.35
  - Environments: .env.production

   Creating an optimized production build ...
> [PWA] Compile server
> [PWA] Compile server
> [PWA] Compile client (static)
> [PWA] Auto register service worker is disabled, please call following code in componentDidMount callback or useEffect hook
> [PWA]   window.workbox.register()
> [PWA] Service worker: /Users/simonluke/Library/CloudStorage/OneDrive-Personal/Desktop/My codes/scholesa-edu-2/public/sw.js
> [PWA]   url: /sw.js
> [PWA]   scope: /
 ✓ Compiled successfully
   Linting and checking validity of types ...
 ⨯ ESLint: Invalid Options: - Unknown options: useEslintrc, extensions - 'extensions' has been removed.
Failed to compile.

./src/components/recognition/PeerRecognitionForm.tsx:73:11
Type error: Type '"collaboration" | "helpful" | "creative" | "perseverance" | "leadership" | "curiosity"' is not assignable to type 'RecognitionType'.
  Type '"collaboration"' is not assignable to type 'RecognitionType'.

[0m [90m 71 |[39m           siteId[33m,[39m[0m
[0m [90m 72 |[39m           sessionOccurrenceId[33m:[39m contextId [33m||[39m [32m''[39m[33m,[39m[0m
[0m[31m[1m>[22m[39m[90m 73 |[39m           recognitionType[33m:[39m selectedType [36mas[39m [32m'helpful'[39m [33m|[39m [32m'creative'[39m [33m|[39m [32m'perseverance'[39m [33m|[39m [32m'leadership'[39m [33m|[39m [32m'collaboration'[39m [33m|[39m [32m'curiosity'[39m[33m,[39m[0m
[0m [90m    |[39m           [31m[1m^[22m[39m[0m
[0m [90m 74 |[39m           message[33m:[39m message[33m.[39mtrim()[33m,[39m[0m
[0m [90m 75 |[39m           isPublic[33m:[39m [36mtrue[39m[0m
[0m [90m 76 |[39m         }[33m,[39m[0m
Next.js build worker exited with code: 1 and signal: null
