I1231 14:33:53.064470   26920 load.go:31] Reloading schema and connectors...
I1231 14:33:53.096624   26920 control.go:94] [/emulator/scholesa-edu-2 33b3] UpdateResources(): done
Main schema: sources: schema\schema.gql [929B] 
Connector "example": sources: example\queries.gql [696B] 
I1231 14:33:53.126897   26920 codegen.go:80] [connector "example" javascriptSdk] Generating sources into "C:\\Users\\simon\\OneDrive\\Desktop\\My codes\\scholesa-edu-2\\src\\dataconnect-generated"
I1231 14:33:53.130462   26920 codegen.go:80] [connector "example" dartSdk] Generating sources into "C:\\Users\\simon\\OneDrive\\Desktop\\My codes\\scholesa-edu-2\\scholesa_app\\lib\\dataconnect_generated"
I1231 14:33:53.131436   26920 codegen.go:80] [connector "example" dartSdk] Generating sources into "C:\\Users\\simon\\OneDrive\\Desktop\\My codes\\scholesa-edu-2\\scholesa_app\\dev\\forbidden_from_release_tests\\lib\\dataconnect_generated"
I1231 14:33:53.133943   26920 codegen.go:80] [connector "example" dartSdk] Generating sources into "C:\\Users\\simon\\OneDrive\\Desktop\\My codes\\scholesa-edu-2\\scholesa_app\\dev\\devicelab\\lib\\dataconnect_generated"
I1231 14:33:53.139108   26920 codegen.go:80] [connector "example" dartSdk] Generating sources into "C:\\Users\\simon\\OneDrive\\Desktop\\My codes\\scholesa-edu-2\\scholesa_app\\dev\\bots\\lib\\dataconnect_generated"
I1231 14:33:53.141615   26920 codegen.go:80] [connector "example" dartSdk] Generating sources into "C:\\Users\\simon\\OneDrive\\Desktop\\My codes\\scholesa-edu-2\\scholesa_app\\dev\\customer_testing\\lib\\dataconnect_generated"
I1231 14:33:53.144125   26920 codegen.go:80] [connector "example" dartSdk] Generating sources into "C:\\Users\\simon\\OneDrive\\Desktop\\My codes\\scholesa-edu-2\\scholesa_app\\dev\\automated_tests\\lib\\dataconnect_generated"
I1231 14:33:53.146121   26920 codegen.go:80] [connector "example" dartSdk] Generating sources into "C:\\Users\\simon\\OneDrive\\Desktop\\My codes\\scholesa-edu-2\\scholesa_app\\dev\\a11y_assessments\\lib\\dataconnect_generated"
I1231 14:33:53.147121   26920 codegen.go:80] [connector "example" dartSdk] Generating sources into "C:\\Users\\simon\\OneDrive\\Desktop\\My codes\\scholesa-edu-2\\flutter\\packages\\integration_test\\lib\\dataconnect_generated"
I1231 14:33:53.148655   26920 codegen.go:80] [connector "example" dartSdk] Generating sources into "C:\\Users\\simon\\OneDrive\\Desktop\\My codes\\scholesa-edu-2\\flutter\\packages\\flutter_tools\\lib\\dataconnect_generated"
I1231 14:33:53.151173   26920 codegen.go:80] [connector "example" dartSdk] Generating sources into "C:\\Users\\simon\\OneDrive\\Desktop\\My codes\\scholesa-edu-2\\flutter\\packages\\flutter_localizations\\lib\\dataconnect_generated"
I1231 14:33:53.154692   26920 codegen.go:80] [connector "example" dartSdk] Generating sources into "C:\\Users\\simon\\OneDrive\\Desktop\\My codes\\scholesa-edu-2\\flutter\\packages\\flutter_web_plugins\\lib\\dataconnect_generated"
I1231 14:33:53.158347   26920 codegen.go:80] [connector "example" dartSdk] Generating sources into "C:\\Users\\simon\\OneDrive\\Desktop\\My codes\\scholesa-edu-2\\flutter\\packages\\flutter_goldens\\lib\\dataconnect_generated"
I1231 14:33:53.160346   26920 codegen.go:80] [connector "example" dartSdk] Generating sources into "C:\\Users\\simon\\OneDrive\\Desktop\\My codes\\scholesa-edu-2\\flutter\\packages\\flutter_test\\lib\\dataconnect_generated"
I1231 14:33:53.161852   26920 codegen.go:80] [connector "example" dartSdk] Generating sources into "C:\\Users\\simon\\OneDrive\\Desktop\\My codes\\scholesa-edu-2\\flutter\\packages\\flutter_driver\\lib\\dataconnect_generated"
I1231 14:33:53.162856   26920 codegen.go:80] [connector "example" dartSdk] Generating sources into "C:\\Users\\simon\\OneDrive\\Desktop\\My codes\\scholesa-edu-2\\flutter\\packages\\fuchsia_remote_debug_protocol\\lib\\dataconnect_generated"
I1231 14:33:53.164360   26920 codegen.go:80] [connector "example" adminSdk] Generating sources into "C:\\Users\\simon\\OneDrive\\Desktop\\My codes\\scholesa-edu-2\\src\\dataconnect-admin-generated"
I1231 14:33:53.165366   26920 codegen.go:80] [connector "example" adminSdk] Generating sources into "C:\\Users\\simon\\OneDrive\\Desktop\\My codes\\scholesa-edu-2\\functions\\src\\dataconnect-admin-generated"
I1231 14:33:53.167378   26920 collector.go:107] schema extensions wrote into "C:\\Users\\simon\\OneDrive\\Desktop\\My codes\\scholesa-edu-2\\dataconnect\\.dataconnect\\schema"
Generated sources: prelude.gql [73219B] main\implicit.gql [2751B] main\input.gql [56748B] main\relation.gql [29084B] main\query.gql [7452B] main\mutation.gql [20173B] 
I1231 14:33:53.173006   26920 collector.go:107] connector "example" javascriptSdk wrote into "C:\\Users\\simon\\OneDrive\\Desktop\\My codes\\scholesa-edu-2\\src\\dataconnect-generated"
Generated sources: index.cjs.js [1989B] package.json [863B] README.md [19803B] react\index.cjs.js [1685B] .guides/usage.md [2251B] react\index.d.ts [2017B] react\package.json [460B] react\esm\package.json [17B] react\README.md [26952B] esm\package.json [17B] react\esm\index.esm.js [1588B] .guides/setup.md [1682B] .guides/config.json [236B] index.d.ts [3819B] esm\index.esm.js [1698B] 
I1231 14:33:53.178152   26920 installsdk.go:55] Package @dataconnect/generated is already installed. Skipping installation
I1231 14:33:53.189934   26920 collector.go:107] connector "example" dartSdk wrote into "C:\\Users\\simon\\OneDrive\\Desktop\\My codes\\scholesa-edu-2\\scholesa_app\\lib\\dataconnect_generated"
Generated sources: list_all_teams.dart [2490B] update_player_jersey_number.dart [3833B] README.md [5095B] .guides/usage.md [283B] create_demo_user.dart [2016B] list_my_teams.dart [2471B] generated.dart [1342B] .guides/setup.md [756B] .guides/config.json [236B] 
I1231 14:33:53.193153   26920 collector.go:107] connector "example" dartSdk wrote into "C:\\Users\\simon\\OneDrive\\Desktop\\My codes\\scholesa-edu-2\\scholesa_app\\dev\\forbidden_from_release_tests\\lib\\dataconnect_generated"
Generated sources: create_demo_user.dart [2016B] list_all_teams.dart [2490B] README.md [5095B] .guides/usage.md [283B] .guides/setup.md [756B] update_player_jersey_number.dart [3833B] list_my_teams.dart [2471B] generated.dart [1342B] .guides/config.json [236B] 
I1231 14:33:53.196323   26920 collector.go:107] connector "example" dartSdk wrote into "C:\\Users\\simon\\OneDrive\\Desktop\\My codes\\scholesa-edu-2\\scholesa_app\\dev\\devicelab\\lib\\dataconnect_generated"
Generated sources: create_demo_user.dart [2016B] list_all_teams.dart [2490B] update_player_jersey_number.dart [3833B] generated.dart [1342B] README.md [5095B] .guides/config.json [236B] list_my_teams.dart [2471B] .guides/usage.md [283B] .guides/setup.md [756B] 
I1231 14:33:53.197926   26920 collector.go:107] connector "example" dartSdk wrote into "C:\\Users\\simon\\OneDrive\\Desktop\\My codes\\scholesa-edu-2\\scholesa_app\\dev\\bots\\lib\\dataconnect_generated"
Generated sources: .guides/usage.md [283B] .guides/setup.md [756B] create_demo_user.dart [2016B] list_my_teams.dart [2471B] .guides/config.json [236B] list_all_teams.dart [2490B] update_player_jersey_number.dart [3833B] generated.dart [1342B] README.md [5095B] 
I1231 14:33:53.202559   26920 collector.go:107] connector "example" dartSdk wrote into "C:\\Users\\simon\\OneDrive\\Desktop\\My codes\\scholesa-edu-2\\scholesa_app\\dev\\customer_testing\\lib\\dataconnect_generated"
Generated sources: update_player_jersey_number.dart [3833B] list_my_teams.dart [2471B] .guides/usage.md [283B] .guides/setup.md [756B] generated.dart [1342B] README.md [5095B] .guides/config.json [236B] create_demo_user.dart [2016B] list_all_teams.dart [2490B] 
I1231 14:33:53.206813   26920 collector.go:107] connector "example" dartSdk wrote into "C:\\Users\\simon\\OneDrive\\Desktop\\My codes\\scholesa-edu-2\\scholesa_app\\dev\\automated_tests\\lib\\dataconnect_generated"
Generated sources: create_demo_user.dart [2016B] list_all_teams.dart [2490B] .guides/config.json [236B] update_player_jersey_number.dart [3833B] list_my_teams.dart [2471B] generated.dart [1342B] README.md [5095B] .guides/usage.md [283B] .guides/setup.md [756B] 
I1231 14:33:53.211065   26920 collector.go:107] connector "example" dartSdk wrote into "C:\\Users\\simon\\OneDrive\\Desktop\\My codes\\scholesa-edu-2\\scholesa_app\\dev\\a11y_assessments\\lib\\dataconnect_generated"
Generated sources: list_all_teams.dart [2490B] list_my_teams.dart [2471B] generated.dart [1342B] README.md [5095B] .guides/usage.md [283B] .guides/setup.md [756B] .guides/config.json [236B] create_demo_user.dart [2016B] update_player_jersey_number.dart [3833B] 
I1231 14:33:53.214689   26920 collector.go:107] connector "example" dartSdk wrote into "C:\\Users\\simon\\OneDrive\\Desktop\\My codes\\scholesa-edu-2\\flutter\\packages\\integration_test\\lib\\dataconnect_generated"
Generated sources: list_my_teams.dart [2471B] generated.dart [1342B] README.md [5095B] .guides/usage.md [283B] .guides/setup.md [756B] .guides/config.json [236B] create_demo_user.dart [2016B] list_all_teams.dart [2490B] update_player_jersey_number.dart [3833B] 
I1231 14:33:53.218184   26920 collector.go:107] connector "example" dartSdk wrote into "C:\\Users\\simon\\OneDrive\\Desktop\\My codes\\scholesa-edu-2\\flutter\\packages\\flutter_tools\\lib\\dataconnect_generated"
Generated sources: create_demo_user.dart [2016B] list_all_teams.dart [2490B] update_player_jersey_number.dart [3833B] README.md [5095B] .guides/setup.md [756B] list_my_teams.dart [2471B] generated.dart [1342B] .guides/usage.md [283B] .guides/config.json [236B] 
I1231 14:33:53.222509   26920 collector.go:107] connector "example" dartSdk wrote into "C:\\Users\\simon\\OneDrive\\Desktop\\My codes\\scholesa-edu-2\\flutter\\packages\\flutter_localizations\\lib\\dataconnect_generated"
Generated sources: .guides/usage.md [283B] .guides/setup.md [756B] list_all_teams.dart [2490B] README.md [5095B] .guides/config.json [236B] create_demo_user.dart [2016B] update_player_jersey_number.dart [3833B] list_my_teams.dart [2471B] generated.dart [1342B] 
I1231 14:33:53.225194   26920 collector.go:107] connector "example" dartSdk wrote into "C:\\Users\\simon\\OneDrive\\Desktop\\My codes\\scholesa-edu-2\\flutter\\packages\\flutter_web_plugins\\lib\\dataconnect_generated"
Generated sources: list_all_teams.dart [2490B] list_my_teams.dart [2471B] README.md [5095B] .guides/setup.md [756B] .guides/config.json [236B] create_demo_user.dart [2016B] update_player_jersey_number.dart [3833B] generated.dart [1342B] .guides/usage.md [283B] 
I1231 14:33:53.227924   26920 collector.go:107] connector "example" dartSdk wrote into "C:\\Users\\simon\\OneDrive\\Desktop\\My codes\\scholesa-edu-2\\flutter\\packages\\flutter_goldens\\lib\\dataconnect_generated"
Generated sources: list_all_teams.dart [2490B] generated.dart [1342B] README.md [5095B] .guides/config.json [236B] create_demo_user.dart [2016B] update_player_jersey_number.dart [3833B] list_my_teams.dart [2471B] .guides/usage.md [283B] .guides/setup.md [756B] 
I1231 14:33:53.230582   26920 collector.go:107] connector "example" dartSdk wrote into "C:\\Users\\simon\\OneDrive\\Desktop\\My codes\\scholesa-edu-2\\flutter\\packages\\flutter_test\\lib\\dataconnect_generated"
Generated sources: create_demo_user.dart [2016B] list_all_teams.dart [2490B] update_player_jersey_number.dart [3833B] README.md [5095B] .guides/usage.md [283B] .guides/config.json [236B] list_my_teams.dart [2471B] generated.dart [1342B] .guides/setup.md [756B] 
I1231 14:33:53.232743   26920 collector.go:107] connector "example" dartSdk wrote into "C:\\Users\\simon\\OneDrive\\Desktop\\My codes\\scholesa-edu-2\\flutter\\packages\\flutter_driver\\lib\\dataconnect_generated"
Generated sources: list_all_teams.dart [2490B] README.md [5095B] .guides/setup.md [756B] update_player_jersey_number.dart [3833B] list_my_teams.dart [2471B] generated.dart [1342B] .guides/usage.md [283B] .guides/config.json [236B] create_demo_user.dart [2016B] 
I1231 14:33:53.234963   26920 collector.go:107] connector "example" dartSdk wrote into "C:\\Users\\simon\\OneDrive\\Desktop\\My codes\\scholesa-edu-2\\flutter\\packages\\fuchsia_remote_debug_protocol\\lib\\dataconnect_generated"
Generated sources: update_player_jersey_number.dart [3833B] list_my_teams.dart [2471B] generated.dart [1342B] .guides/usage.md [283B] .guides/setup.md [756B] create_demo_user.dart [2016B] list_all_teams.dart [2490B] README.md [5095B] .guides/config.json [236B] 
I1231 14:33:53.237653   26920 collector.go:107] connector "example" adminSdk wrote into "C:\\Users\\simon\\OneDrive\\Desktop\\My codes\\scholesa-edu-2\\src\\dataconnect-admin-generated"
Generated sources: index.d.ts [3709B] esm\index.esm.js [1364B] esm\package.json [17B] index.cjs.js [1551B] package.json [632B] 
I1231 14:33:53.239364   26920 installsdk.go:55] Package @dataconnect/admin-generated is already installed. Skipping installation
I1231 14:33:53.240493   26920 collector.go:107] connector "example" adminSdk wrote into "C:\\Users\\simon\\OneDrive\\Desktop\\My codes\\scholesa-edu-2\\functions\\src\\dataconnect-admin-generated"
Generated sources: package.json [632B] index.d.ts [3709B] esm\index.esm.js [1364B] esm\package.json [17B] index.cjs.js [1551B] 
I1231 14:33:53.242128   26920 installsdk.go:55] Package @dataconnect/admin-generated is already installed. Skipping installation
I1231 14:33:53.242128   26920 load.go:109] Finished reloading
I1231 14:33:53.243735   26920 dev.go:104] Listening on address (HTTP + gRPC): 127.0.0.1:9399
I1231 14:33:53.243735   26920 dev.go:104] Listening on address (HTTP + gRPC): [::1]:9399
I1231 14:33:55.896028   26920 control.go:94] [/emulator/scholesa-edu-2 b0bf] UpdateResources(): done
Main schema: sources: schema\schema.gql [929B] 
Connector "example": sources: example\queries.gql [696B] 
