
> scholesa@0.1.0 prebuild
> npm run icons:sync


> scholesa@0.1.0 icons:sync
> bash ./apps/empire_flutter/app/scripts/sync_platform_icons.sh

[icons] Normalizing brand assets to transparent backgrounds and required formats
Brand icon/logo assets converted with transparent background and regenerated.
[icons] Syncing Android launcher icons from assets/icons/android
[icons] Syncing Android native splash logo from transparent source
[icons] Syncing iOS app icons from assets/icons/ios
[icons] Syncing macOS app icons from assets/icons/ios
[icons] Syncing iOS launch image from assets/icons/ios
[icons] Generating Windows app_icon.ico from assets/icons/windows11
[icons] Syncing Flutter web PNG icons from assets/icons/android
[icons] Syncing Next.js public PNG icons from assets/icons/android
[icons] Platform icon sync complete.

> scholesa@0.1.0 build
> next build

  ▲ Next.js 14.2.35

   Creating an optimized production build ...
> [PWA] Compile server
> [PWA] Compile server
> [PWA] Compile client (static)
> [PWA] Auto register service worker is disabled, please call following code in componentDidMount callback or useEffect hook
> [PWA]   window.workbox.register()
> [PWA] Service worker: /Users/simonluke/dev/scholesa/public/sw.js
> [PWA]   url: /sw.js
> [PWA]   scope: /
 ✓ Compiled successfully
   Skipping linting
   Checking validity of types ...
   Collecting page data ...
Firebase Admin: Missing credentials, some features may not work
   Generating static pages (0/5) ...
   Generating static pages (1/5) 
Firebase Admin: Missing credentials, some features may not work
   Generating static pages (2/5) 
Firebase client env vars are missing; using safe server-side placeholder config for build/runtime.
   Generating static pages (3/5) 
 ✓ Generating static pages (5/5)
   Finalizing page optimization ...
   Collecting build traces ...

Route (app)                              Size     First Load JS
┌ ○ /_not-found                          161 B          87.5 kB
├ ƒ /[locale]                            763 B           253 kB
├ ƒ /[locale]/dashboard                  631 B           242 kB
├ ƒ /[locale]/educator                   1.91 kB         254 kB
├ ƒ /[locale]/educator/analytics         5.61 kB         253 kB
├ ƒ /[locale]/hq                         2.05 kB         254 kB
├ ƒ /[locale]/learner                    1.78 kB         243 kB
├ ƒ /[locale]/learner/profile            6.33 kB         254 kB
├ ƒ /[locale]/login                      1.39 kB         245 kB
├ ƒ /[locale]/parent                     1.95 kB         254 kB
├ ƒ /[locale]/partner                    1.98 kB         254 kB
├ ƒ /[locale]/register                   1.88 kB         245 kB
├ ƒ /[locale]/site                       1.75 kB         254 kB
├ ƒ /api/auth/session-login              0 B                0 B
└ ƒ /api/auth/session-logout             0 B                0 B
+ First Load JS shared by all            87.3 kB
  ├ chunks/117-deb4c173d4ecfeec.js       31.7 kB
  ├ chunks/fd9d1056-6922f449a204c2cc.js  53.6 kB
  └ other shared chunks (total)          1.95 kB


ƒ Middleware                             25.9 kB

○  (Static)   prerendered as static content
ƒ  (Dynamic)  server-rendered on demand

ERROR: failed to connect to the docker API at unix:///Users/simonluke/.docker/run/docker.sock; check if the path is correct and if the daemon is running: dial unix /Users/simonluke/.docker/run/docker.sock: connect: no such file or directory
