
> scholesa@0.1.0 test:uat:live-role-accounts
> npx playwright test --config playwright.config.ts tests/e2e/live-role-account-uat-certification.spec.ts


Running 1 test using 1 worker

Live role UAT Flutter login admin attempt 1
Live role UAT route admin: /en/hq/sites
Live role UAT route admin: /en/hq/user-admin
Live role UAT Flutter login educator attempt 1
Live role UAT route educator: /en/educator/today
Live role UAT route educator: /en/educator/evidence
Live role UAT Flutter login discoverer attempt 1
Live role UAT route discoverer: /en/learner/today
Live role UAT route discoverer: /en/learner/miloos
Live role UAT Flutter login builder attempt 1
Live role UAT route builder: /en/learner/today
Live role UAT route builder: /en/learner/portfolio
Live role UAT Flutter login explorer attempt 1
Live role UAT route explorer: /en/learner/checkpoints
Live role UAT route explorer: /en/learner/reflections
Live role UAT Flutter login innovator attempt 1
Live role UAT route innovator: /en/learner/proof-assembly
Live role UAT route innovator: /en/learner/portfolio
Live role UAT Flutter login family attempt 1
Live role UAT route family: /en/parent/summary
Live role UAT route family: /en/parent/passport
Live role UAT Flutter login mentor attempt 1
Live role UAT route mentor: /en/partner/listings
Live role UAT route mentor: /en/educator/evidence
