$ npm run start
cwd: /Users/simonluke/dev/scholesa
timeout_seconds: 120


> scholesa@0.1.0 start
> next start

 ⨯ Failed to start server
Error: listen EPERM: operation not permitted 0.0.0.0:3000
    at Server.setupListenHandle [as _listen2] (node:net:1918:21)
    at listenInCluster (node:net:1997:12)
    at Server.listen (node:net:2102:7)
    at /Users/simonluke/dev/scholesa/node_modules/next/dist/server/lib/start-server.js:280:16
    at new Promise (<anonymous>)
    at startServer (/Users/simonluke/dev/scholesa/node_modules/next/dist/server/lib/start-server.js:191:11)
    at Module.nextStart (/Users/simonluke/dev/scholesa/node_modules/next/dist/cli/next-start.js:25:40)
    at /Users/simonluke/dev/scholesa/node_modules/next/dist/bin/next:105:856 {
  code: 'EPERM',
  errno: -1,
  syscall: 'listen',
  address: '0.0.0.0',
  port: 3000
}
