[debug] [2025-12-20T03:22:12.913Z] [Firebase Plugin] Activating Firebase extension.
[debug] [2025-12-20T03:22:14.496Z] [Firebase Plugin] requireAuthWrapper
[debug] [2025-12-20T03:22:14.498Z] > command requires scopes: ["email","openid","https://www.googleapis.com/auth/cloudplatformprojects.readonly","https://www.googleapis.com/auth/firebase","https://www.googleapis.com/auth/cloud-platform"]
[debug] [2025-12-20T03:22:14.573Z] [Firebase Plugin] VSCode notification server listening on port 40001
[error] [Firebase Plugin] requireAuth error: Could not load the default credentials. Browse to https://cloud.google.com/docs/authentication/getting-started for more information.
[info] [Firebase Plugin] Starting Data Connect toolkit (version 3.0.0) on port 50001
[debug] [2025-12-20T03:22:15.199Z] 'fdc build' failed with error: Unable to build your Data Connect schema and connectors (exit code 1): E1219 19:22:15.193571   33068 cmd.go:43] Error loading data connect config: could not find dataconnect.yaml in `c:\Users\simon\OneDrive\Desktop\My codes\scholesa-edu-2\dataconnect`
 {"metadata":{"emulator":{"name":"dataconnect"},"message":"'fdc build' failed with error: Unable to build your Data Connect schema and connectors (exit code 1): E1219 19:22:15.193571   33068 cmd.go:43] Error loading data connect config: could not find dataconnect.yaml in `c:\\Users\\simon\\OneDrive\\Desktop\\My codes\\scholesa-edu-2\\dataconnect`\n"}}
[debug] [2025-12-20T03:22:15.200Z] Ignoring unsupported arg: auto_download {"metadata":{"emulator":{"name":"dataconnect"},"message":"Ignoring unsupported arg: auto_download"}}
[debug] [2025-12-20T03:22:15.201Z] Ignoring unsupported arg: port {"metadata":{"emulator":{"name":"dataconnect"},"message":"Ignoring unsupported arg: port"}}
[debug] [2025-12-20T03:22:15.202Z] Starting Data Connect Emulator with command {"binary":"C:\\Users\\simon\\.cache\\firebase\\emulators\\dataconnect-emulator-3.0.0.exe","args":["--logtostderr","-v=2","dev","--listen=localhost:50001","--config_dir=c:\\Users\\simon\\OneDrive\\Desktop\\My codes\\scholesa-edu-2\\dataconnect","--enable_output_schema_extensions=true","--enable_output_generated_sdk=true"],"optionalArgs":["listen","config_dir","enable_output_schema_extensions","enable_output_generated_sdk"],"joinArgs":true,"shell":false,"port":9399} {"metadata":{"emulator":{"name":"dataconnect"},"message":"Starting Data Connect Emulator with command {\"binary\":\"C:\\\\Users\\\\simon\\\\.cache\\\\firebase\\\\emulators\\\\dataconnect-emulator-3.0.0.exe\",\"args\":[\"--logtostderr\",\"-v=2\",\"dev\",\"--listen=localhost:50001\",\"--config_dir=c:\\\\Users\\\\simon\\\\OneDrive\\\\Desktop\\\\My codes\\\\scholesa-edu-2\\\\dataconnect\",\"--enable_output_schema_extensions=true\",\"--enable_output_generated_sdk=true\"],\"optionalArgs\":[\"listen\",\"config_dir\",\"enable_output_schema_extensions\",\"enable_output_generated_sdk\"],\"joinArgs\":true,\"shell\":false,\"port\":9399}"}}
[info] i  dataconnect: Data Connect Emulator logging to dataconnect-debug.log {"metadata":{"emulator":{"name":"dataconnect"},"message":"Data Connect Emulator logging to \u001b[1mdataconnect-debug.log\u001b[22m"}}
[debug] [2025-12-20T03:22:15.292Z] E1219 19:22:15.249801   35140 dev.go:83] Failed to load initial config from "c:\\Users\\simon\\OneDrive\\Desktop\\My codes\\scholesa-edu-2\\dataconnect": could not find dataconnect.yaml in `c:\Users\simon\OneDrive\Desktop\My codes\scholesa-edu-2\dataconnect`
E1219 19:22:15.250931   35140 watch.go:116] watchAllDir unable to walk dir `c:\Users\simon\OneDrive\Desktop\My codes\scholesa-edu-2\dataconnect`: CreateFile c:\Users\simon\OneDrive\Desktop\My codes\scholesa-edu-2\dataconnect: The system cannot find the file specified.
I1219 19:22:15.263117   35140 dev.go:104] Listening on address (HTTP + gRPC): 127.0.0.1:50001
 {"metadata":{"emulator":{"name":"dataconnect"},"message":"E1219 19:22:15.249801   35140 dev.go:83] Failed to load initial config from \"c:\\\\Users\\\\simon\\\\OneDrive\\\\Desktop\\\\My codes\\\\scholesa-edu-2\\\\dataconnect\": could not find dataconnect.yaml in `c:\\Users\\simon\\OneDrive\\Desktop\\My codes\\scholesa-edu-2\\dataconnect`\nE1219 19:22:15.250931   35140 watch.go:116] watchAllDir unable to walk dir `c:\\Users\\simon\\OneDrive\\Desktop\\My codes\\scholesa-edu-2\\dataconnect`: CreateFile c:\\Users\\simon\\OneDrive\\Desktop\\My codes\\scholesa-edu-2\\dataconnect: The system cannot find the file specified.\nI1219 19:22:15.263117   35140 dev.go:104] Listening on address (HTTP + gRPC): 127.0.0.1:50001\n"}}
[error] [Firebase Plugin] error:  {}
[debug] [2025-12-20T03:22:25.253Z] E1219 19:22:25.252405   35140 watch.go:40] Failed to load config from "c:\\Users\\simon\\OneDrive\\Desktop\\My codes\\scholesa-edu-2\\dataconnect": could not find dataconnect.yaml in `c:\Users\simon\OneDrive\Desktop\My codes\scholesa-edu-2\dataconnect`
 {"metadata":{"emulator":{"name":"dataconnect"},"message":"E1219 19:22:25.252405   35140 watch.go:40] Failed to load config from \"c:\\\\Users\\\\simon\\\\OneDrive\\\\Desktop\\\\My codes\\\\scholesa-edu-2\\\\dataconnect\": could not find dataconnect.yaml in `c:\\Users\\simon\\OneDrive\\Desktop\\My codes\\scholesa-edu-2\\dataconnect`\n"}}
[debug] [2025-12-20T03:22:35.252Z] E1219 19:22:35.252699   35140 watch.go:40] Failed to load config from "c:\\Users\\simon\\OneDrive\\Desktop\\My codes\\scholesa-edu-2\\dataconnect": could not find dataconnect.yaml in `c:\Users\simon\OneDrive\Desktop\My codes\scholesa-edu-2\dataconnect`
 {"metadata":{"emulator":{"name":"dataconnect"},"message":"E1219 19:22:35.252699   35140 watch.go:40] Failed to load config from \"c:\\\\Users\\\\simon\\\\OneDrive\\\\Desktop\\\\My codes\\\\scholesa-edu-2\\\\dataconnect\": could not find dataconnect.yaml in `c:\\Users\\simon\\OneDrive\\Desktop\\My codes\\scholesa-edu-2\\dataconnect`\n"}}
[debug] [2025-12-20T03:22:45.253Z] E1219 19:22:45.252947   35140 watch.go:40] Failed to load config from "c:\\Users\\simon\\OneDrive\\Desktop\\My codes\\scholesa-edu-2\\dataconnect": could not find dataconnect.yaml in `c:\Users\simon\OneDrive\Desktop\My codes\scholesa-edu-2\dataconnect`
 {"metadata":{"emulator":{"name":"dataconnect"},"message":"E1219 19:22:45.252947   35140 watch.go:40] Failed to load config from \"c:\\\\Users\\\\simon\\\\OneDrive\\\\Desktop\\\\My codes\\\\scholesa-edu-2\\\\dataconnect\": could not find dataconnect.yaml in `c:\\Users\\simon\\OneDrive\\Desktop\\My codes\\scholesa-edu-2\\dataconnect`\n"}}
[debug] [2025-12-20T03:22:55.252Z] E1219 19:22:55.252354   35140 watch.go:40] Failed to load config from "c:\\Users\\simon\\OneDrive\\Desktop\\My codes\\scholesa-edu-2\\dataconnect": could not find dataconnect.yaml in `c:\Users\simon\OneDrive\Desktop\My codes\scholesa-edu-2\dataconnect`
 {"metadata":{"emulator":{"name":"dataconnect"},"message":"E1219 19:22:55.252354   35140 watch.go:40] Failed to load config from \"c:\\\\Users\\\\simon\\\\OneDrive\\\\Desktop\\\\My codes\\\\scholesa-edu-2\\\\dataconnect\": could not find dataconnect.yaml in `c:\\Users\\simon\\OneDrive\\Desktop\\My codes\\scholesa-edu-2\\dataconnect`\n"}}
[debug] [2025-12-20T03:23:05.252Z] E1219 19:23:05.251969   35140 watch.go:40] Failed to load config from "c:\\Users\\simon\\OneDrive\\Desktop\\My codes\\scholesa-edu-2\\dataconnect": could not find dataconnect.yaml in `c:\Users\simon\OneDrive\Desktop\My codes\scholesa-edu-2\dataconnect`
 {"metadata":{"emulator":{"name":"dataconnect"},"message":"E1219 19:23:05.251969   35140 watch.go:40] Failed to load config from \"c:\\\\Users\\\\simon\\\\OneDrive\\\\Desktop\\\\My codes\\\\scholesa-edu-2\\\\dataconnect\": could not find dataconnect.yaml in `c:\\Users\\simon\\OneDrive\\Desktop\\My codes\\scholesa-edu-2\\dataconnect`\n"}}
[debug] [2025-12-20T03:23:15.252Z] E1219 19:23:15.252119   35140 watch.go:116] watchAllDir unable to walk dir `c:\Users\simon\OneDrive\Desktop\My codes\scholesa-edu-2\dataconnect`: CreateFile c:\Users\simon\OneDrive\Desktop\My codes\scholesa-edu-2\dataconnect: The system cannot find the file specified.
E1219 19:23:15.252119   35140 watch.go:40] Failed to load config from "c:\\Users\\simon\\OneDrive\\Desktop\\My codes\\scholesa-edu-2\\dataconnect": could not find dataconnect.yaml in `c:\Users\simon\OneDrive\Desktop\My codes\scholesa-edu-2\dataconnect`
 {"metadata":{"emulator":{"name":"dataconnect"},"message":"E1219 19:23:15.252119   35140 watch.go:116] watchAllDir unable to walk dir `c:\\Users\\simon\\OneDrive\\Desktop\\My codes\\scholesa-edu-2\\dataconnect`: CreateFile c:\\Users\\simon\\OneDrive\\Desktop\\My codes\\scholesa-edu-2\\dataconnect: The system cannot find the file specified.\nE1219 19:23:15.252119   35140 watch.go:40] Failed to load config from \"c:\\\\Users\\\\simon\\\\OneDrive\\\\Desktop\\\\My codes\\\\scholesa-edu-2\\\\dataconnect\": could not find dataconnect.yaml in `c:\\Users\\simon\\OneDrive\\Desktop\\My codes\\scholesa-edu-2\\dataconnect`\n"}}
[debug] [2025-12-20T03:23:25.252Z] E1219 19:23:25.252156   35140 watch.go:40] Failed to load config from "c:\\Users\\simon\\OneDrive\\Desktop\\My codes\\scholesa-edu-2\\dataconnect": could not find dataconnect.yaml in `c:\Users\simon\OneDrive\Desktop\My codes\scholesa-edu-2\dataconnect`
 {"metadata":{"emulator":{"name":"dataconnect"},"message":"E1219 19:23:25.252156   35140 watch.go:40] Failed to load config from \"c:\\\\Users\\\\simon\\\\OneDrive\\\\Desktop\\\\My codes\\\\scholesa-edu-2\\\\dataconnect\": could not find dataconnect.yaml in `c:\\Users\\simon\\OneDrive\\Desktop\\My codes\\scholesa-edu-2\\dataconnect`\n"}}
[debug] [2025-12-20T03:23:35.252Z] E1219 19:23:35.252152   35140 watch.go:40] Failed to load config from "c:\\Users\\simon\\OneDrive\\Desktop\\My codes\\scholesa-edu-2\\dataconnect": could not find dataconnect.yaml in `c:\Users\simon\OneDrive\Desktop\My codes\scholesa-edu-2\dataconnect`
 {"metadata":{"emulator":{"name":"dataconnect"},"message":"E1219 19:23:35.252152   35140 watch.go:40] Failed to load config from \"c:\\\\Users\\\\simon\\\\OneDrive\\\\Desktop\\\\My codes\\\\scholesa-edu-2\\\\dataconnect\": could not find dataconnect.yaml in `c:\\Users\\simon\\OneDrive\\Desktop\\My codes\\scholesa-edu-2\\dataconnect`\n"}}
[debug] [2025-12-20T03:23:45.251Z] E1219 19:23:45.251952   35140 watch.go:40] Failed to load config from "c:\\Users\\simon\\OneDrive\\Desktop\\My codes\\scholesa-edu-2\\dataconnect": could not find dataconnect.yaml in `c:\Users\simon\OneDrive\Desktop\My codes\scholesa-edu-2\dataconnect`
 {"metadata":{"emulator":{"name":"dataconnect"},"message":"E1219 19:23:45.251952   35140 watch.go:40] Failed to load config from \"c:\\\\Users\\\\simon\\\\OneDrive\\\\Desktop\\\\My codes\\\\scholesa-edu-2\\\\dataconnect\": could not find dataconnect.yaml in `c:\\Users\\simon\\OneDrive\\Desktop\\My codes\\scholesa-edu-2\\dataconnect`\n"}}
[debug] [2025-12-20T03:23:55.252Z] E1219 19:23:55.252155   35140 watch.go:40] Failed to load config from "c:\\Users\\simon\\OneDrive\\Desktop\\My codes\\scholesa-edu-2\\dataconnect": could not find dataconnect.yaml in `c:\Users\simon\OneDrive\Desktop\My codes\scholesa-edu-2\dataconnect`
 {"metadata":{"emulator":{"name":"dataconnect"},"message":"E1219 19:23:55.252155   35140 watch.go:40] Failed to load config from \"c:\\\\Users\\\\simon\\\\OneDrive\\\\Desktop\\\\My codes\\\\scholesa-edu-2\\\\dataconnect\": could not find dataconnect.yaml in `c:\\Users\\simon\\OneDrive\\Desktop\\My codes\\scholesa-edu-2\\dataconnect`\n"}}
[debug] [2025-12-20T03:24:05.252Z] E1219 19:24:05.252297   35140 watch.go:40] Failed to load config from "c:\\Users\\simon\\OneDrive\\Desktop\\My codes\\scholesa-edu-2\\dataconnect": could not find dataconnect.yaml in `c:\Users\simon\OneDrive\Desktop\My codes\scholesa-edu-2\dataconnect`
 {"metadata":{"emulator":{"name":"dataconnect"},"message":"E1219 19:24:05.252297   35140 watch.go:40] Failed to load config from \"c:\\\\Users\\\\simon\\\\OneDrive\\\\Desktop\\\\My codes\\\\scholesa-edu-2\\\\dataconnect\": could not find dataconnect.yaml in `c:\\Users\\simon\\OneDrive\\Desktop\\My codes\\scholesa-edu-2\\dataconnect`\n"}}
[debug] [2025-12-20T03:24:15.252Z] E1219 19:24:15.252296   35140 watch.go:116] watchAllDir unable to walk dir `c:\Users\simon\OneDrive\Desktop\My codes\scholesa-edu-2\dataconnect`: CreateFile c:\Users\simon\OneDrive\Desktop\My codes\scholesa-edu-2\dataconnect: The system cannot find the file specified.
E1219 19:24:15.252727   35140 watch.go:40] Failed to load config from "c:\\Users\\simon\\OneDrive\\Desktop\\My codes\\scholesa-edu-2\\dataconnect": could not find dataconnect.yaml in `c:\Users\simon\OneDrive\Desktop\My codes\scholesa-edu-2\dataconnect`
 {"metadata":{"emulator":{"name":"dataconnect"},"message":"E1219 19:24:15.252296   35140 watch.go:116] watchAllDir unable to walk dir `c:\\Users\\simon\\OneDrive\\Desktop\\My codes\\scholesa-edu-2\\dataconnect`: CreateFile c:\\Users\\simon\\OneDrive\\Desktop\\My codes\\scholesa-edu-2\\dataconnect: The system cannot find the file specified.\nE1219 19:24:15.252727   35140 watch.go:40] Failed to load config from \"c:\\\\Users\\\\simon\\\\OneDrive\\\\Desktop\\\\My codes\\\\scholesa-edu-2\\\\dataconnect\": could not find dataconnect.yaml in `c:\\Users\\simon\\OneDrive\\Desktop\\My codes\\scholesa-edu-2\\dataconnect`\n"}}
[debug] [2025-12-20T03:24:25.255Z] E1219 19:24:25.255174   35140 watch.go:40] Failed to load config from "c:\\Users\\simon\\OneDrive\\Desktop\\My codes\\scholesa-edu-2\\dataconnect": could not find dataconnect.yaml in `c:\Users\simon\OneDrive\Desktop\My codes\scholesa-edu-2\dataconnect`
 {"metadata":{"emulator":{"name":"dataconnect"},"message":"E1219 19:24:25.255174   35140 watch.go:40] Failed to load config from \"c:\\\\Users\\\\simon\\\\OneDrive\\\\Desktop\\\\My codes\\\\scholesa-edu-2\\\\dataconnect\": could not find dataconnect.yaml in `c:\\Users\\simon\\OneDrive\\Desktop\\My codes\\scholesa-edu-2\\dataconnect`\n"}}
[debug] [2025-12-20T03:24:35.252Z] E1219 19:24:35.252073   35140 watch.go:40] Failed to load config from "c:\\Users\\simon\\OneDrive\\Desktop\\My codes\\scholesa-edu-2\\dataconnect": could not find dataconnect.yaml in `c:\Users\simon\OneDrive\Desktop\My codes\scholesa-edu-2\dataconnect`
 {"metadata":{"emulator":{"name":"dataconnect"},"message":"E1219 19:24:35.252073   35140 watch.go:40] Failed to load config from \"c:\\\\Users\\\\simon\\\\OneDrive\\\\Desktop\\\\My codes\\\\scholesa-edu-2\\\\dataconnect\": could not find dataconnect.yaml in `c:\\Users\\simon\\OneDrive\\Desktop\\My codes\\scholesa-edu-2\\dataconnect`\n"}}
[debug] [2025-12-20T03:24:45.252Z] E1219 19:24:45.252639   35140 watch.go:40] Failed to load config from "c:\\Users\\simon\\OneDrive\\Desktop\\My codes\\scholesa-edu-2\\dataconnect": could not find dataconnect.yaml in `c:\Users\simon\OneDrive\Desktop\My codes\scholesa-edu-2\dataconnect`
 {"metadata":{"emulator":{"name":"dataconnect"},"message":"E1219 19:24:45.252639   35140 watch.go:40] Failed to load config from \"c:\\\\Users\\\\simon\\\\OneDrive\\\\Desktop\\\\My codes\\\\scholesa-edu-2\\\\dataconnect\": could not find dataconnect.yaml in `c:\\Users\\simon\\OneDrive\\Desktop\\My codes\\scholesa-edu-2\\dataconnect`\n"}}
[debug] [2025-12-20T03:24:48.944Z] [Firebase Plugin] Value of process.env.MONOSPACE_ENV: undefined
[debug] [2025-12-20T03:24:48.944Z] [Firebase Plugin] requireAuthWrapper
[debug] [2025-12-20T03:24:48.946Z] > command requires scopes: ["email","openid","https://www.googleapis.com/auth/cloudplatformprojects.readonly","https://www.googleapis.com/auth/firebase","https://www.googleapis.com/auth/cloud-platform"]
[error] [Firebase Plugin] requireAuth error: Could not load the default credentials. Browse to https://cloud.google.com/docs/authentication/getting-started for more information.
[debug] [2025-12-20T03:24:48.949Z] [Firebase Plugin] Value of process.env.MONOSPACE_ENV: undefined
[debug] [2025-12-20T03:24:48.950Z] [Firebase Plugin] requireAuthWrapper
[debug] [2025-12-20T03:24:48.951Z] > command requires scopes: ["email","openid","https://www.googleapis.com/auth/cloudplatformprojects.readonly","https://www.googleapis.com/auth/firebase","https://www.googleapis.com/auth/cloud-platform"]
[error] [Firebase Plugin] requireAuth error: Could not load the default credentials. Browse to https://cloud.google.com/docs/authentication/getting-started for more information.
[debug] [2025-12-20T03:24:48.953Z] Emulator locator file path: C:\Users\simon\AppData\Local\Temp\hub-scholesa-dev.json
[debug] [2025-12-20T03:24:55.252Z] E1219 19:24:55.252106   35140 watch.go:40] Failed to load config from "c:\\Users\\simon\\OneDrive\\Desktop\\My codes\\scholesa-edu-2\\dataconnect": could not find dataconnect.yaml in `c:\Users\simon\OneDrive\Desktop\My codes\scholesa-edu-2\dataconnect`
 {"metadata":{"emulator":{"name":"dataconnect"},"message":"E1219 19:24:55.252106   35140 watch.go:40] Failed to load config from \"c:\\\\Users\\\\simon\\\\OneDrive\\\\Desktop\\\\My codes\\\\scholesa-edu-2\\\\dataconnect\": could not find dataconnect.yaml in `c:\\Users\\simon\\OneDrive\\Desktop\\My codes\\scholesa-edu-2\\dataconnect`\n"}}
[debug] [2025-12-20T03:25:05.252Z] E1219 19:25:05.252151   35140 watch.go:40] Failed to load config from "c:\\Users\\simon\\OneDrive\\Desktop\\My codes\\scholesa-edu-2\\dataconnect": could not find dataconnect.yaml in `c:\Users\simon\OneDrive\Desktop\My codes\scholesa-edu-2\dataconnect`
 {"metadata":{"emulator":{"name":"dataconnect"},"message":"E1219 19:25:05.252151   35140 watch.go:40] Failed to load config from \"c:\\\\Users\\\\simon\\\\OneDrive\\\\Desktop\\\\My codes\\\\scholesa-edu-2\\\\dataconnect\": could not find dataconnect.yaml in `c:\\Users\\simon\\OneDrive\\Desktop\\My codes\\scholesa-edu-2\\dataconnect`\n"}}
[debug] [2025-12-20T03:25:15.252Z] E1219 19:25:15.252106   35140 watch.go:116] watchAllDir unable to walk dir `c:\Users\simon\OneDrive\Desktop\My codes\scholesa-edu-2\dataconnect`: CreateFile c:\Users\simon\OneDrive\Desktop\My codes\scholesa-edu-2\dataconnect: The system cannot find the file specified.
E1219 19:25:15.252617   35140 watch.go:40] Failed to load config from "c:\\Users\\simon\\OneDrive\\Desktop\\My codes\\scholesa-edu-2\\dataconnect": could not find dataconnect.yaml in `c:\Users\simon\OneDrive\Desktop\My codes\scholesa-edu-2\dataconnect`
 {"metadata":{"emulator":{"name":"dataconnect"},"message":"E1219 19:25:15.252106   35140 watch.go:116] watchAllDir unable to walk dir `c:\\Users\\simon\\OneDrive\\Desktop\\My codes\\scholesa-edu-2\\dataconnect`: CreateFile c:\\Users\\simon\\OneDrive\\Desktop\\My codes\\scholesa-edu-2\\dataconnect: The system cannot find the file specified.\nE1219 19:25:15.252617   35140 watch.go:40] Failed to load config from \"c:\\\\Users\\\\simon\\\\OneDrive\\\\Desktop\\\\My codes\\\\scholesa-edu-2\\\\dataconnect\": could not find dataconnect.yaml in `c:\\Users\\simon\\OneDrive\\Desktop\\My codes\\scholesa-edu-2\\dataconnect`\n"}}
[debug] [2025-12-20T03:25:25.253Z] E1219 19:25:25.253337   35140 watch.go:40] Failed to load config from "c:\\Users\\simon\\OneDrive\\Desktop\\My codes\\scholesa-edu-2\\dataconnect": could not find dataconnect.yaml in `c:\Users\simon\OneDrive\Desktop\My codes\scholesa-edu-2\dataconnect`
 {"metadata":{"emulator":{"name":"dataconnect"},"message":"E1219 19:25:25.253337   35140 watch.go:40] Failed to load config from \"c:\\\\Users\\\\simon\\\\OneDrive\\\\Desktop\\\\My codes\\\\scholesa-edu-2\\\\dataconnect\": could not find dataconnect.yaml in `c:\\Users\\simon\\OneDrive\\Desktop\\My codes\\scholesa-edu-2\\dataconnect`\n"}}
[debug] [2025-12-20T03:25:35.252Z] E1219 19:25:35.252754   35140 watch.go:40] Failed to load config from "c:\\Users\\simon\\OneDrive\\Desktop\\My codes\\scholesa-edu-2\\dataconnect": could not find dataconnect.yaml in `c:\Users\simon\OneDrive\Desktop\My codes\scholesa-edu-2\dataconnect`
 {"metadata":{"emulator":{"name":"dataconnect"},"message":"E1219 19:25:35.252754   35140 watch.go:40] Failed to load config from \"c:\\\\Users\\\\simon\\\\OneDrive\\\\Desktop\\\\My codes\\\\scholesa-edu-2\\\\dataconnect\": could not find dataconnect.yaml in `c:\\Users\\simon\\OneDrive\\Desktop\\My codes\\scholesa-edu-2\\dataconnect`\n"}}
[debug] [2025-12-20T03:25:45.252Z] E1219 19:25:45.252419   35140 watch.go:40] Failed to load config from "c:\\Users\\simon\\OneDrive\\Desktop\\My codes\\scholesa-edu-2\\dataconnect": could not find dataconnect.yaml in `c:\Users\simon\OneDrive\Desktop\My codes\scholesa-edu-2\dataconnect`
 {"metadata":{"emulator":{"name":"dataconnect"},"message":"E1219 19:25:45.252419   35140 watch.go:40] Failed to load config from \"c:\\\\Users\\\\simon\\\\OneDrive\\\\Desktop\\\\My codes\\\\scholesa-edu-2\\\\dataconnect\": could not find dataconnect.yaml in `c:\\Users\\simon\\OneDrive\\Desktop\\My codes\\scholesa-edu-2\\dataconnect`\n"}}
[debug] [2025-12-20T03:25:55.252Z] E1219 19:25:55.253053   35140 watch.go:40] Failed to load config from "c:\\Users\\simon\\OneDrive\\Desktop\\My codes\\scholesa-edu-2\\dataconnect": could not find dataconnect.yaml in `c:\Users\simon\OneDrive\Desktop\My codes\scholesa-edu-2\dataconnect`
 {"metadata":{"emulator":{"name":"dataconnect"},"message":"E1219 19:25:55.253053   35140 watch.go:40] Failed to load config from \"c:\\\\Users\\\\simon\\\\OneDrive\\\\Desktop\\\\My codes\\\\scholesa-edu-2\\\\dataconnect\": could not find dataconnect.yaml in `c:\\Users\\simon\\OneDrive\\Desktop\\My codes\\scholesa-edu-2\\dataconnect`\n"}}
[debug] [2025-12-20T03:26:05.253Z] E1219 19:26:05.253859   35140 watch.go:40] Failed to load config from "c:\\Users\\simon\\OneDrive\\Desktop\\My codes\\scholesa-edu-2\\dataconnect": could not find dataconnect.yaml in `c:\Users\simon\OneDrive\Desktop\My codes\scholesa-edu-2\dataconnect`
 {"metadata":{"emulator":{"name":"dataconnect"},"message":"E1219 19:26:05.253859   35140 watch.go:40] Failed to load config from \"c:\\\\Users\\\\simon\\\\OneDrive\\\\Desktop\\\\My codes\\\\scholesa-edu-2\\\\dataconnect\": could not find dataconnect.yaml in `c:\\Users\\simon\\OneDrive\\Desktop\\My codes\\scholesa-edu-2\\dataconnect`\n"}}
[debug] [2025-12-20T03:26:15.252Z] E1219 19:26:15.252208   35140 watch.go:116] watchAllDir unable to walk dir `c:\Users\simon\OneDrive\Desktop\My codes\scholesa-edu-2\dataconnect`: CreateFile c:\Users\simon\OneDrive\Desktop\My codes\scholesa-edu-2\dataconnect: The system cannot find the file specified.
 {"metadata":{"emulator":{"name":"dataconnect"},"message":"E1219 19:26:15.252208   35140 watch.go:116] watchAllDir unable to walk dir `c:\\Users\\simon\\OneDrive\\Desktop\\My codes\\scholesa-edu-2\\dataconnect`: CreateFile c:\\Users\\simon\\OneDrive\\Desktop\\My codes\\scholesa-edu-2\\dataconnect: The system cannot find the file specified.\n"}}
[debug] [2025-12-20T03:26:15.253Z] E1219 19:26:15.252903   35140 watch.go:40] Failed to load config from "c:\\Users\\simon\\OneDrive\\Desktop\\My codes\\scholesa-edu-2\\dataconnect": could not find dataconnect.yaml in `c:\Users\simon\OneDrive\Desktop\My codes\scholesa-edu-2\dataconnect`
 {"metadata":{"emulator":{"name":"dataconnect"},"message":"E1219 19:26:15.252903   35140 watch.go:40] Failed to load config from \"c:\\\\Users\\\\simon\\\\OneDrive\\\\Desktop\\\\My codes\\\\scholesa-edu-2\\\\dataconnect\": could not find dataconnect.yaml in `c:\\Users\\simon\\OneDrive\\Desktop\\My codes\\scholesa-edu-2\\dataconnect`\n"}}
[debug] [2025-12-20T03:26:25.252Z] E1219 19:26:25.252520   35140 watch.go:40] Failed to load config from "c:\\Users\\simon\\OneDrive\\Desktop\\My codes\\scholesa-edu-2\\dataconnect": could not find dataconnect.yaml in `c:\Users\simon\OneDrive\Desktop\My codes\scholesa-edu-2\dataconnect`
 {"metadata":{"emulator":{"name":"dataconnect"},"message":"E1219 19:26:25.252520   35140 watch.go:40] Failed to load config from \"c:\\\\Users\\\\simon\\\\OneDrive\\\\Desktop\\\\My codes\\\\scholesa-edu-2\\\\dataconnect\": could not find dataconnect.yaml in `c:\\Users\\simon\\OneDrive\\Desktop\\My codes\\scholesa-edu-2\\dataconnect`\n"}}
[debug] [2025-12-20T03:26:35.253Z] E1219 19:26:35.253608   35140 watch.go:40] Failed to load config from "c:\\Users\\simon\\OneDrive\\Desktop\\My codes\\scholesa-edu-2\\dataconnect": could not find dataconnect.yaml in `c:\Users\simon\OneDrive\Desktop\My codes\scholesa-edu-2\dataconnect`
 {"metadata":{"emulator":{"name":"dataconnect"},"message":"E1219 19:26:35.253608   35140 watch.go:40] Failed to load config from \"c:\\\\Users\\\\simon\\\\OneDrive\\\\Desktop\\\\My codes\\\\scholesa-edu-2\\\\dataconnect\": could not find dataconnect.yaml in `c:\\Users\\simon\\OneDrive\\Desktop\\My codes\\scholesa-edu-2\\dataconnect`\n"}}
[debug] [2025-12-20T03:26:45.253Z] E1219 19:26:45.252945   35140 watch.go:40] Failed to load config from "c:\\Users\\simon\\OneDrive\\Desktop\\My codes\\scholesa-edu-2\\dataconnect": could not find dataconnect.yaml in `c:\Users\simon\OneDrive\Desktop\My codes\scholesa-edu-2\dataconnect`
 {"metadata":{"emulator":{"name":"dataconnect"},"message":"E1219 19:26:45.252945   35140 watch.go:40] Failed to load config from \"c:\\\\Users\\\\simon\\\\OneDrive\\\\Desktop\\\\My codes\\\\scholesa-edu-2\\\\dataconnect\": could not find dataconnect.yaml in `c:\\Users\\simon\\OneDrive\\Desktop\\My codes\\scholesa-edu-2\\dataconnect`\n"}}
[debug] [2025-12-20T03:26:55.252Z] E1219 19:26:55.252034   35140 watch.go:40] Failed to load config from "c:\\Users\\simon\\OneDrive\\Desktop\\My codes\\scholesa-edu-2\\dataconnect": could not find dataconnect.yaml in `c:\Users\simon\OneDrive\Desktop\My codes\scholesa-edu-2\dataconnect`
 {"metadata":{"emulator":{"name":"dataconnect"},"message":"E1219 19:26:55.252034   35140 watch.go:40] Failed to load config from \"c:\\\\Users\\\\simon\\\\OneDrive\\\\Desktop\\\\My codes\\\\scholesa-edu-2\\\\dataconnect\": could not find dataconnect.yaml in `c:\\Users\\simon\\OneDrive\\Desktop\\My codes\\scholesa-edu-2\\dataconnect`\n"}}
[debug] [2025-12-20T03:27:05.252Z] E1219 19:27:05.252390   35140 watch.go:40] Failed to load config from "c:\\Users\\simon\\OneDrive\\Desktop\\My codes\\scholesa-edu-2\\dataconnect": could not find dataconnect.yaml in `c:\Users\simon\OneDrive\Desktop\My codes\scholesa-edu-2\dataconnect`
 {"metadata":{"emulator":{"name":"dataconnect"},"message":"E1219 19:27:05.252390   35140 watch.go:40] Failed to load config from \"c:\\\\Users\\\\simon\\\\OneDrive\\\\Desktop\\\\My codes\\\\scholesa-edu-2\\\\dataconnect\": could not find dataconnect.yaml in `c:\\Users\\simon\\OneDrive\\Desktop\\My codes\\scholesa-edu-2\\dataconnect`\n"}}
[debug] [2025-12-20T03:27:15.252Z] E1219 19:27:15.252342   35140 watch.go:116] watchAllDir unable to walk dir `c:\Users\simon\OneDrive\Desktop\My codes\scholesa-edu-2\dataconnect`: CreateFile c:\Users\simon\OneDrive\Desktop\My codes\scholesa-edu-2\dataconnect: The system cannot find the file specified.
 {"metadata":{"emulator":{"name":"dataconnect"},"message":"E1219 19:27:15.252342   35140 watch.go:116] watchAllDir unable to walk dir `c:\\Users\\simon\\OneDrive\\Desktop\\My codes\\scholesa-edu-2\\dataconnect`: CreateFile c:\\Users\\simon\\OneDrive\\Desktop\\My codes\\scholesa-edu-2\\dataconnect: The system cannot find the file specified.\n"}}
[debug] [2025-12-20T03:27:15.253Z] E1219 19:27:15.252342   35140 watch.go:40] Failed to load config from "c:\\Users\\simon\\OneDrive\\Desktop\\My codes\\scholesa-edu-2\\dataconnect": could not find dataconnect.yaml in `c:\Users\simon\OneDrive\Desktop\My codes\scholesa-edu-2\dataconnect`
 {"metadata":{"emulator":{"name":"dataconnect"},"message":"E1219 19:27:15.252342   35140 watch.go:40] Failed to load config from \"c:\\\\Users\\\\simon\\\\OneDrive\\\\Desktop\\\\My codes\\\\scholesa-edu-2\\\\dataconnect\": could not find dataconnect.yaml in `c:\\Users\\simon\\OneDrive\\Desktop\\My codes\\scholesa-edu-2\\dataconnect`\n"}}
[debug] [2025-12-20T03:27:25.252Z] E1219 19:27:25.252025   35140 watch.go:40] Failed to load config from "c:\\Users\\simon\\OneDrive\\Desktop\\My codes\\scholesa-edu-2\\dataconnect": could not find dataconnect.yaml in `c:\Users\simon\OneDrive\Desktop\My codes\scholesa-edu-2\dataconnect`
 {"metadata":{"emulator":{"name":"dataconnect"},"message":"E1219 19:27:25.252025   35140 watch.go:40] Failed to load config from \"c:\\\\Users\\\\simon\\\\OneDrive\\\\Desktop\\\\My codes\\\\scholesa-edu-2\\\\dataconnect\": could not find dataconnect.yaml in `c:\\Users\\simon\\OneDrive\\Desktop\\My codes\\scholesa-edu-2\\dataconnect`\n"}}
[debug] [2025-12-20T03:27:35.252Z] E1219 19:27:35.252073   35140 watch.go:40] Failed to load config from "c:\\Users\\simon\\OneDrive\\Desktop\\My codes\\scholesa-edu-2\\dataconnect": could not find dataconnect.yaml in `c:\Users\simon\OneDrive\Desktop\My codes\scholesa-edu-2\dataconnect`
 {"metadata":{"emulator":{"name":"dataconnect"},"message":"E1219 19:27:35.252073   35140 watch.go:40] Failed to load config from \"c:\\\\Users\\\\simon\\\\OneDrive\\\\Desktop\\\\My codes\\\\scholesa-edu-2\\\\dataconnect\": could not find dataconnect.yaml in `c:\\Users\\simon\\OneDrive\\Desktop\\My codes\\scholesa-edu-2\\dataconnect`\n"}}
[debug] [2025-12-20T03:27:45.252Z] E1219 19:27:45.252403   35140 watch.go:40] Failed to load config from "c:\\Users\\simon\\OneDrive\\Desktop\\My codes\\scholesa-edu-2\\dataconnect": could not find dataconnect.yaml in `c:\Users\simon\OneDrive\Desktop\My codes\scholesa-edu-2\dataconnect`
 {"metadata":{"emulator":{"name":"dataconnect"},"message":"E1219 19:27:45.252403   35140 watch.go:40] Failed to load config from \"c:\\\\Users\\\\simon\\\\OneDrive\\\\Desktop\\\\My codes\\\\scholesa-edu-2\\\\dataconnect\": could not find dataconnect.yaml in `c:\\Users\\simon\\OneDrive\\Desktop\\My codes\\scholesa-edu-2\\dataconnect`\n"}}
[debug] [2025-12-20T03:27:55.252Z] E1219 19:27:55.252085   35140 watch.go:40] Failed to load config from "c:\\Users\\simon\\OneDrive\\Desktop\\My codes\\scholesa-edu-2\\dataconnect": could not find dataconnect.yaml in `c:\Users\simon\OneDrive\Desktop\My codes\scholesa-edu-2\dataconnect`
 {"metadata":{"emulator":{"name":"dataconnect"},"message":"E1219 19:27:55.252085   35140 watch.go:40] Failed to load config from \"c:\\\\Users\\\\simon\\\\OneDrive\\\\Desktop\\\\My codes\\\\scholesa-edu-2\\\\dataconnect\": could not find dataconnect.yaml in `c:\\Users\\simon\\OneDrive\\Desktop\\My codes\\scholesa-edu-2\\dataconnect`\n"}}
[debug] [2025-12-20T03:28:05.252Z] E1219 19:28:05.252530   35140 watch.go:40] Failed to load config from "c:\\Users\\simon\\OneDrive\\Desktop\\My codes\\scholesa-edu-2\\dataconnect": could not find dataconnect.yaml in `c:\Users\simon\OneDrive\Desktop\My codes\scholesa-edu-2\dataconnect`
 {"metadata":{"emulator":{"name":"dataconnect"},"message":"E1219 19:28:05.252530   35140 watch.go:40] Failed to load config from \"c:\\\\Users\\\\simon\\\\OneDrive\\\\Desktop\\\\My codes\\\\scholesa-edu-2\\\\dataconnect\": could not find dataconnect.yaml in `c:\\Users\\simon\\OneDrive\\Desktop\\My codes\\scholesa-edu-2\\dataconnect`\n"}}
[debug] [2025-12-20T03:28:15.252Z] E1219 19:28:15.252178   35140 watch.go:116] watchAllDir unable to walk dir `c:\Users\simon\OneDrive\Desktop\My codes\scholesa-edu-2\dataconnect`: CreateFile c:\Users\simon\OneDrive\Desktop\My codes\scholesa-edu-2\dataconnect: The system cannot find the file specified.
 {"metadata":{"emulator":{"name":"dataconnect"},"message":"E1219 19:28:15.252178   35140 watch.go:116] watchAllDir unable to walk dir `c:\\Users\\simon\\OneDrive\\Desktop\\My codes\\scholesa-edu-2\\dataconnect`: CreateFile c:\\Users\\simon\\OneDrive\\Desktop\\My codes\\scholesa-edu-2\\dataconnect: The system cannot find the file specified.\n"}}
[debug] [2025-12-20T03:28:15.252Z] E1219 19:28:15.252178   35140 watch.go:40] Failed to load config from "c:\\Users\\simon\\OneDrive\\Desktop\\My codes\\scholesa-edu-2\\dataconnect": could not find dataconnect.yaml in `c:\Users\simon\OneDrive\Desktop\My codes\scholesa-edu-2\dataconnect`
 {"metadata":{"emulator":{"name":"dataconnect"},"message":"E1219 19:28:15.252178   35140 watch.go:40] Failed to load config from \"c:\\\\Users\\\\simon\\\\OneDrive\\\\Desktop\\\\My codes\\\\scholesa-edu-2\\\\dataconnect\": could not find dataconnect.yaml in `c:\\Users\\simon\\OneDrive\\Desktop\\My codes\\scholesa-edu-2\\dataconnect`\n"}}
[debug] [2025-12-20T03:28:25.252Z] E1219 19:28:25.252076   35140 watch.go:40] Failed to load config from "c:\\Users\\simon\\OneDrive\\Desktop\\My codes\\scholesa-edu-2\\dataconnect": could not find dataconnect.yaml in `c:\Users\simon\OneDrive\Desktop\My codes\scholesa-edu-2\dataconnect`
 {"metadata":{"emulator":{"name":"dataconnect"},"message":"E1219 19:28:25.252076   35140 watch.go:40] Failed to load config from \"c:\\\\Users\\\\simon\\\\OneDrive\\\\Desktop\\\\My codes\\\\scholesa-edu-2\\\\dataconnect\": could not find dataconnect.yaml in `c:\\Users\\simon\\OneDrive\\Desktop\\My codes\\scholesa-edu-2\\dataconnect`\n"}}
[info] [Firebase Plugin] Stopping Data Connect toolkit
[warn] !  Data Connect Emulator has exited upon receiving signal: SIGINT 
